<?xml version="1.0" encoding="UTF-8"?>
<testsuite xmlns:xsi="http://www.w3.org/2001/XMLSchema-instance" xsi:noNamespaceSchemaLocation="https://maven.apache.org/surefire/maven-surefire-plugin/xsd/surefire-test-report-3.0.xsd" version="3.0" name="ua.without_jpa.WithoutJpaApplicationTests" time="2.606" tests="1" errors="0" skipped="0" failures="0">
  <properties>
[...]
</properties>
  <testcase name="contextLoads" classname="ua.without_jpa.WithoutJpaApplicationTests" time="0.855">
    <system-out><![CDATA[14:02:27.331 [main] INFO org.springframework.test.context.support.AnnotationConfigContextLoaderUtils -- Could not detect default configuration classes for test class [ua.without_jpa.WithoutJpaApplicationTests]: WithoutJpaApplicationTests does not declare any static, non-private, non-final, nested classes annotated with @Configuration.
14:02:27.419 [main] INFO org.springframework.boot.test.context.SpringBootTestContextBootstrapper -- Found @SpringBootConfiguration ua.without_jpa.WithoutJpaApplication for test class ua.without_jpa.WithoutJpaApplicationTests

  .   ____          _            __ _ _
 /\\ / ___'_ __ _ _(_)_ __  __ _ \ \ \ \
( ( )\___ | '_ | '_| | '_ \/ _` | \ \ \ \
 \\/  ___)| |_)| | | | | || (_| |  ) ) ) )
  '  |____| .__|_| |_|_| |_\__, | / / / /
 =========|_|==============|___/=/_/_/_/

 :: Spring Boot ::                (v3.3.1)

2024-07-02T14:02:27.787+03:00  INFO 31256 --- [without-jpa] [           main] u.w.WithoutJpaApplicationTests           : Starting WithoutJpaApplicationTests using Java 21.0.2 with PID 31256 (started by vbabi in D:\Projects\Java\SpringWithoutJPATest\without-jpa\without-jpa)
2024-07-02T14:02:27.789+03:00  INFO 31256 --- [without-jpa] [           main] u.w.WithoutJpaApplicationTests           : No active profile set, falling back to 1 default profile: "default"
2024-07-02T14:02:28.891+03:00  INFO 31256 --- [without-jpa] [           main] u.w.WithoutJpaApplicationTests           : Started WithoutJpaApplicationTests in 1.338 seconds (process running for 2.548)
]]></system-out>
    <system-err><![CDATA[WARNING: A Java agent has been loaded dynamically (C:\Users\vbabi\.m2\repository\net\bytebuddy\byte-buddy-agent\1.14.17\byte-buddy-agent-1.14.17.jar)
WARNING: If a serviceability tool is in use, please run with -XX:+EnableDynamicAgentLoading to hide this warning
WARNING: If a serviceability tool is not in use, please run with -Djdk.instrument.traceUsage for more information
WARNING: Dynamic loading of agents will be disallowed by default in a future release
]]></system-err>
  </testcase>
</testsuite>